This is pdfTeX, Version 3.1415926-1.40.10 (TeX Live 2009/Debian) (format=pdflatex 2014.1.26)  24 APR 2014 18:27
entering extended mode
 %&-line parsing enabled.
**REPORT.tex
(./REPORT.tex
LaTeX2e <2009/09/24>
Babel <v3.8l> and hyphenation patterns for english, usenglishmax, dumylang, noh
yphenation, loaded.
(/usr/share/texmf-texlive/tex/latex/base/report.cls
Document Class: report 2007/10/19 v1.4h Standard LaTeX document class
(/usr/share/texmf-texlive/tex/latex/base/size10.clo
File: size10.clo 2007/10/19 v1.4h Standard LaTeX file (size option)
)
\c@part=\count79
\c@chapter=\count80
\c@section=\count81
\c@subsection=\count82
\c@subsubsection=\count83
\c@paragraph=\count84
\c@subparagraph=\count85
\c@figure=\count86
\c@table=\count87
\abovecaptionskip=\skip41
\belowcaptionskip=\skip42
\bibindent=\dimen102
)
(/usr/share/texmf-texlive/tex/latex/wasysym/wasysym.sty
Package: wasysym 2003/10/30 v2.0 Wasy-2 symbol support package
\symwasy=\mathgroup4
LaTeX Font Info:    Overwriting symbol font `wasy' in version `bold'
(Font)                  U/wasy/m/n --> U/wasy/b/n on input line 90.
)
(/usr/share/texmf-texlive/tex/latex/preprint/fullpage.sty
Package: fullpage 1999/02/23 1.1 (PWD)
\FP@margin=\skip43
)
(/usr/share/texmf-texlive/tex/latex/hyperref/hyperref.sty
Package: hyperref 2009/10/09 v6.79a Hypertext links for LaTeX

(/usr/share/texmf-texlive/tex/latex/graphics/keyval.sty
Package: keyval 1999/03/16 v1.13 key=value parser (DPC)
\KV@toks@=\toks14
)
(/usr/share/texmf-texlive/tex/generic/oberdiek/ifpdf.sty
Package: ifpdf 2009/04/10 v2.0 Provides the ifpdf switch (HO)
Package ifpdf Info: pdfTeX in pdf mode detected.
)
(/usr/share/texmf-texlive/tex/generic/oberdiek/ifvtex.sty
Package: ifvtex 2008/11/04 v1.4 Switches for detecting VTeX and its modes (HO)
Package ifvtex Info: VTeX not detected.
)
(/usr/share/texmf-texlive/tex/generic/ifxetex/ifxetex.sty
Package: ifxetex 2009/01/23 v0.5 Provides ifxetex conditional
)
(/usr/share/texmf-texlive/tex/latex/oberdiek/hycolor.sty
Package: hycolor 2009/10/02 v1.5 Code for color options of hyperref/bookmark (H
O)

(/usr/share/texmf-texlive/tex/latex/oberdiek/xcolor-patch.sty
Package: xcolor-patch 2009/10/02 xcolor patch
))
\@linkdim=\dimen103
\Hy@linkcounter=\count88
\Hy@pagecounter=\count89

(/usr/share/texmf-texlive/tex/latex/hyperref/pd1enc.def
File: pd1enc.def 2009/10/09 v6.79a Hyperref: PDFDocEncoding definition (HO)
)
(/usr/share/texmf-texlive/tex/generic/oberdiek/etexcmds.sty
Package: etexcmds 2007/12/12 v1.2 Prefix for e-TeX command names (HO)

(/usr/share/texmf-texlive/tex/generic/oberdiek/infwarerr.sty
Package: infwarerr 2007/09/09 v1.2 Providing info/warning/message (HO)
)
Package etexcmds Info: Could not find \expanded.
(etexcmds)             That can mean that you are not using pdfTeX 1.50 or
(etexcmds)             that some package has redefined \expanded.
(etexcmds)             In the latter case, load this package earlier.
)
(/usr/share/texmf-texlive/tex/latex/latexconfig/hyperref.cfg
File: hyperref.cfg 2002/06/06 v1.2 hyperref configuration of TeXLive
)
(/usr/share/texmf-texlive/tex/latex/oberdiek/kvoptions.sty
Package: kvoptions 2009/08/13 v3.4 Keyval support for LaTeX options (HO)

(/usr/share/texmf-texlive/tex/generic/oberdiek/kvsetkeys.sty
Package: kvsetkeys 2009/07/30 v1.5 Key value parser with default handler suppor
t (HO)
))
Package hyperref Info: Hyper figures OFF on input line 2975.
Package hyperref Info: Link nesting OFF on input line 2980.
Package hyperref Info: Hyper index ON on input line 2983.
Package hyperref Info: Plain pages OFF on input line 2990.
Package hyperref Info: Backreferencing OFF on input line 2995.

Implicit mode ON; LaTeX internals redefined
Package hyperref Info: Bookmarks ON on input line 3191.
(/usr/share/texmf-texlive/tex/latex/ltxmisc/url.sty
\Urlmuskip=\muskip10
Package: url 2006/04/12  ver 3.3  Verb mode for urls, etc.
)
LaTeX Info: Redefining \url on input line 3428.

(/usr/share/texmf-texlive/tex/generic/oberdiek/bitset.sty
Package: bitset 2007/09/28 v1.0 Data type bit set (HO)

(/usr/share/texmf-texlive/tex/generic/oberdiek/intcalc.sty
Package: intcalc 2007/09/27 v1.1 Expandable integer calculations (HO)
)
(/usr/share/texmf-texlive/tex/generic/oberdiek/bigintcalc.sty
Package: bigintcalc 2007/11/11 v1.1 Expandable big integer calculations (HO)

(/usr/share/texmf-texlive/tex/generic/oberdiek/pdftexcmds.sty
Package: pdftexcmds 2009/09/23 v0.6 LuaTeX support for pdfTeX utility functions
 (HO)

(/usr/share/texmf-texlive/tex/generic/oberdiek/ifluatex.sty
Package: ifluatex 2009/04/17 v1.2 Provides the ifluatex switch (HO)
Package ifluatex Info: LuaTeX not detected.
)
(/usr/share/texmf-texlive/tex/generic/oberdiek/ltxcmds.sty
Package: ltxcmds 2009/08/05 v1.0 Some LaTeX kernel commands for general use (HO
)
)
Package pdftexcmds Info: LuaTeX not detected.
Package pdftexcmds Info: \pdf@primitive is available.
Package pdftexcmds Info: \pdf@ifprimitive is available.
)))
\Fld@menulength=\count90
\Field@Width=\dimen104
\Fld@charsize=\dimen105
\Field@toks=\toks15
Package hyperref Info: Hyper figures OFF on input line 4377.
Package hyperref Info: Link nesting OFF on input line 4382.
Package hyperref Info: Hyper index ON on input line 4385.
Package hyperref Info: backreferencing OFF on input line 4392.
Package hyperref Info: Link coloring OFF on input line 4397.
Package hyperref Info: Link coloring with OCG OFF on input line 4402.
Package hyperref Info: PDF/A mode OFF on input line 4407.

(/usr/share/texmf-texlive/tex/generic/oberdiek/atbegshi.sty
Package: atbegshi 2008/07/31 v1.9 At begin shipout hook (HO)
)
\Hy@abspage=\count91
\c@Item=\count92
\c@Hfootnote=\count93
)
*hyperref using default driver hpdftex*
(/usr/share/texmf-texlive/tex/latex/hyperref/hpdftex.def
File: hpdftex.def 2009/10/09 v6.79a Hyperref driver for pdfTeX
\Fld@listcount=\count94
)
(/usr/share/texmf-texlive/tex/latex/graphics/graphicx.sty
Package: graphicx 1999/02/16 v1.0f Enhanced LaTeX Graphics (DPC,SPQR)

(/usr/share/texmf-texlive/tex/latex/graphics/graphics.sty
Package: graphics 2009/02/05 v1.0o Standard LaTeX Graphics (DPC,SPQR)

(/usr/share/texmf-texlive/tex/latex/graphics/trig.sty
Package: trig 1999/03/16 v1.09 sin cos tan (DPC)
)
(/etc/texmf/tex/latex/config/graphics.cfg
File: graphics.cfg 2009/08/28 v1.8 graphics configuration of TeX Live
)
Package graphics Info: Driver file: pdftex.def on input line 91.

(/usr/share/texmf-texlive/tex/latex/pdftex-def/pdftex.def
File: pdftex.def 2010/03/12 v0.04p Graphics/color for pdfTeX
\Gread@gobject=\count95
))
\Gin@req@height=\dimen106
\Gin@req@width=\dimen107
) (./REPORT.aux)
\openout1 = `REPORT.aux'.

LaTeX Font Info:    Checking defaults for OML/cmm/m/it on input line 21.
LaTeX Font Info:    ... okay on input line 21.
LaTeX Font Info:    Checking defaults for T1/cmr/m/n on input line 21.
LaTeX Font Info:    ... okay on input line 21.
LaTeX Font Info:    Checking defaults for OT1/cmr/m/n on input line 21.
LaTeX Font Info:    ... okay on input line 21.
LaTeX Font Info:    Checking defaults for OMS/cmsy/m/n on input line 21.
LaTeX Font Info:    ... okay on input line 21.
LaTeX Font Info:    Checking defaults for OMX/cmex/m/n on input line 21.
LaTeX Font Info:    ... okay on input line 21.
LaTeX Font Info:    Checking defaults for U/cmr/m/n on input line 21.
LaTeX Font Info:    ... okay on input line 21.
LaTeX Font Info:    Checking defaults for PD1/pdf/m/n on input line 21.
LaTeX Font Info:    ... okay on input line 21.
Package hyperref Info: Link coloring OFF on input line 21.

(/usr/share/texmf-texlive/tex/latex/hyperref/nameref.sty
Package: nameref 2007/05/29 v2.31 Cross-referencing by name of section

(/usr/share/texmf-texlive/tex/latex/oberdiek/refcount.sty
Package: refcount 2008/08/11 v3.1 Data extraction from references (HO)
)
\c@section@level=\count96
)
LaTeX Info: Redefining \ref on input line 21.
LaTeX Info: Redefining \pageref on input line 21.
 (./REPORT.out)
(./REPORT.out)
\@outlinefile=\write3
\openout3 = `REPORT.out'.

\AtBeginShipoutBox=\box26
 (/usr/share/texmf-texlive/tex/context/base/supp-pdf.mkii
[Loading MPS to PDF converter (version 2006.09.02).]
\scratchcounter=\count97
\scratchdimen=\dimen108
\scratchbox=\box27
\nofMPsegments=\count98
\nofMParguments=\count99
\everyMPshowfont=\toks16
\MPscratchCnt=\count100
\MPscratchDim=\dimen109
\MPnumerator=\count101
\everyMPtoPDFconversion=\toks17
) </home/aditya/Desktop/screen.png, id=3, 301.125pt x 301.125pt>
File: /home/aditya/Desktop/screen.png Graphic file (type png)

<use /home/aditya/Desktop/screen.png>
LaTeX Font Info:    External font `cmex10' loaded for size
(Font)              <7> on input line 47.
LaTeX Font Info:    External font `cmex10' loaded for size
(Font)              <5> on input line 47.
LaTeX Font Info:    Try loading font information for U+wasy on input line 47.

(/usr/share/texmf-texlive/tex/latex/wasysym/uwasy.fd
File: uwasy.fd 2003/10/30 v2.0 Wasy-2 symbol font definitions
) [1

{/var/lib/texmf/fonts/map/pdftex/updmap/pdftex.map} </home/aditya/Desktop/scree
n.png>]
LaTeX Font Info:    Try loading font information for OMS+cmr on input line 86.

(/usr/share/texmf-texlive/tex/latex/base/omscmr.fd
File: omscmr.fd 1999/05/25 v2.5h Standard LaTeX font definitions
)
LaTeX Font Info:    Font shape `OMS/cmr/m/n' in size <10> not available
(Font)              Font shape `OMS/cmsy/m/n' tried instead on input line 86.

Underfull \hbox (badness 10000) in paragraph at lines 117--121

 []

pdfTeX warning (ext4): destination with the same identifier (name{page.1}) has 
been already used, duplicate ignored
<to be read again> 
                   \relax 
l.121 
       [1]
LaTeX Font Info:    External font `cmex10' loaded for size
(Font)              <12> on input line 125.
LaTeX Font Info:    External font `cmex10' loaded for size
(Font)              <8> on input line 125.
LaTeX Font Info:    External font `cmex10' loaded for size
(Font)              <6> on input line 125.
 </home/aditya/Pictures/benzene.png, id=28, 1371.1225pt x 770.88pt>
File: /home/aditya/Pictures/benzene.png Graphic file (type png)

<use /home/aditya/Pictures/benzene.png>
</home/aditya/Pictures/benzene2.png, id=29, 1371.1225pt x 770.88pt>
File: /home/aditya/Pictures/benzene2.png Graphic file (type png)

<use /home/aditya/Pictures/benzene2.png>
</home/aditya/Pictures/benzene3.png, id=30, 1371.1225pt x 770.88pt>
File: /home/aditya/Pictures/benzene3.png Graphic file (type png)

<use /home/aditya/Pictures/benzene3.png>
</home/aditya/Pictures/caffeine.png, id=31, 1371.1225pt x 770.88pt>
File: /home/aditya/Pictures/caffeine.png Graphic file (type png)

<use /home/aditya/Pictures/caffeine.png>
</home/aditya/Pictures/caffeine1.png, id=32, 1371.1225pt x 770.88pt>
File: /home/aditya/Pictures/caffeine1.png Graphic file (type png)

<use /home/aditya/Pictures/caffeine1.png>
</home/aditya/Pictures/caffeine2.png, id=33, 1371.1225pt x 770.88pt>
File: /home/aditya/Pictures/caffeine2.png Graphic file (type png)

<use /home/aditya/Pictures/caffeine2.png>
</home/aditya/Pictures/ethanol.png, id=34, 1371.1225pt x 770.88pt>
File: /home/aditya/Pictures/ethanol.png Graphic file (type png)

<use /home/aditya/Pictures/ethanol.png>
</home/aditya/Pictures/ethanol1.png, id=35, 1371.1225pt x 770.88pt>
File: /home/aditya/Pictures/ethanol1.png Graphic file (type png)

<use /home/aditya/Pictures/ethanol1.png>
</home/aditya/Pictures/ethanol2.png, id=36, 1371.1225pt x 770.88pt>
File: /home/aditya/Pictures/ethanol2.png Graphic file (type png)

<use /home/aditya/Pictures/ethanol2.png>
</home/aditya/Pictures/bigmol.png, id=37, 1371.1225pt x 770.88pt>
File: /home/aditya/Pictures/bigmol.png Graphic file (type png)

<use /home/aditya/Pictures/bigmol.png>
</home/aditya/Pictures/bigmol3.png, id=38, 1371.1225pt x 770.88pt>
File: /home/aditya/Pictures/bigmol3.png Graphic file (type png)

<use /home/aditya/Pictures/bigmol3.png>
</home/aditya/Pictures/bigmol1.png, id=39, 1371.1225pt x 770.88pt>
File: /home/aditya/Pictures/bigmol1.png Graphic file (type png)

<use /home/aditya/Pictures/bigmol1.png>
Underfull \hbox (badness 10000) in paragraph at lines 147--164

 []


Underfull \hbox (badness 10000) in paragraph at lines 147--164

 []

[2] [3 </home/aditya/Pictures/benzene.png (PNG copy)> </home/aditya/Pictures/be
nzene2.png (PNG copy)> </home/aditya/Pictures/benzene3.png (PNG copy)> </home/a
ditya/Pictures/caffeine.png (PNG copy)> </home/aditya/Pictures/caffeine1.png (P
NG copy)> </home/aditya/Pictures/caffeine2.png (PNG copy)> </home/aditya/Pictur
es/ethanol.png (PNG copy)> </home/aditya/Pictures/ethanol1.png (PNG copy)> </ho
me/aditya/Pictures/ethanol2.png (PNG copy)> </home/aditya/Pictures/bigmol.png (
PNG copy)> </home/aditya/Pictures/bigmol3.png (PNG copy)> </home/aditya/Picture
s/bigmol1.png (PNG copy)>]
Underfull \hbox (badness 10000) in paragraph at lines 189--193

 []

[4] (./REPORT.aux) ) 
Here is how much of TeX's memory you used:
 4474 strings out of 495061
 65390 string characters out of 1182621
 133530 words of memory out of 3000000
 7561 multiletter control sequences out of 15000+50000
 11549 words of font info for 42 fonts, out of 3000000 for 9000
 28 hyphenation exceptions out of 8191
 38i,7n,24p,315b,361s stack positions out of 5000i,500n,10000p,200000b,50000s
</usr/share/texmf-texlive/fonts/type1/public/amsfonts/cm/cm
bx10.pfb></usr/share/texmf-texlive/fonts/type1/public/amsfonts/cm/cmbx12.pfb></
usr/share/texmf-texlive/fonts/type1/public/amsfonts/cm/cmcsc10.pfb></usr/share/
texmf-texlive/fonts/type1/public/amsfonts/cm/cmmi12.pfb></usr/share/texmf-texli
ve/fonts/type1/public/amsfonts/cm/cmr10.pfb></usr/share/texmf-texlive/fonts/typ
e1/public/amsfonts/cm/cmr12.pfb></usr/share/texmf-texlive/fonts/type1/public/am
sfonts/cm/cmr7.pfb></usr/share/texmf-texlive/fonts/type1/public/amsfonts/cm/cms
y10.pfb></usr/share/texmf-texlive/fonts/type1/public/amsfonts/cm/cmti10.pfb></u
sr/share/texmf-texlive/fonts/type1/public/amsfonts/cm/cmti12.pfb></usr/share/te
xmf-texlive/fonts/type1/public/amsfonts/cm/cmtt10.pfb></usr/share/texmf-texlive
/fonts/type1/public/wasy/wasy10.pfb>
Output written on REPORT.pdf (5 pages, 1848729 bytes).
PDF statistics:
 116 PDF objects out of 1000 (max. 8388607)
 24 named destinations out of 1000 (max. 500000)
 66 words of extra memory for PDF output out of 10000 (max. 10000000)

